# JRE version: OpenJDK Runtime Environment (8.0_252-b09) (build 1.8.0_252-8u252-b09-1~16.04-b09)
# Java VM: OpenJDK 64-Bit Server VM (25.252-b09 mixed mode linux-amd64 compressed oops)
Heap:
 PSYoungGen      total 88064K, used 96K [0x00000000e5b00000, 0x00000000eb500000, 0x0000000100000000)
  eden space 83968K, 0% used [0x00000000e5b00000,0x00000000e5b00000,0x00000000ead00000)
  from space 4096K, 2% used [0x00000000ead00000,0x00000000ead18000,0x00000000eb100000)
  to   space 4096K, 0% used [0x00000000eb100000,0x00000000eb100000,0x00000000eb500000)
 ParOldGen       total 54784K, used 4039K [0x00000000b1000000, 0x00000000b4580000, 0x00000000e5b00000)
  object space 54784K, 7% used [0x00000000b1000000,0x00000000b13f1e80,0x00000000b4580000)
 Metaspace       used 9597K, capacity 9862K, committed 10112K, reserved 1058816K
  class space    used 1023K, capacity 1105K, committed 1152K, reserved 1048576K
GC Heap History (10 events):
Event: 7.946 GC heap after
Heap after GC invocations=2 (full 0):
 PSYoungGen      total 24064K, used 3024K [0x00000000e5b00000, 0x00000000e7580000, 0x0000000100000000)
  eden space 20992K, 0% used [0x00000000e5b00000,0x00000000e5b00000,0x00000000e6f80000)
  from space 3072K, 98% used [0x00000000e7280000,0x00000000e7574030,0x00000000e7580000)
  to   space 3072K, 0% used [0x00000000e6f80000,0x00000000e6f80000,0x00000000e7280000)
 ParOldGen       total 54784K, used 950K [0x00000000b1000000, 0x00000000b4580000, 0x00000000e5b00000)
  object space 54784K, 1% used [0x00000000b1000000,0x00000000b10edac8,0x00000000b4580000)
 Metaspace       used 9577K, capacity 9798K, committed 10112K, reserved 1058816K
  class space    used 1023K, capacity 1105K, committed 1152K, reserved 1048576K
}
Event: 11.773 GC heap before
{Heap before GC invocations=3 (full 0):
 PSYoungGen      total 24064K, used 24016K [0x00000000e5b00000, 0x00000000e7580000, 0x0000000100000000)
  eden space 20992K, 100% used [0x00000000e5b00000,0x00000000e6f80000,0x00000000e6f80000)
  from space 3072K, 98% used [0x00000000e7280000,0x00000000e7574030,0x00000000e7580000)
  to   space 3072K, 0% used [0x00000000e6f80000,0x00000000e6f80000,0x00000000e7280000)
 ParOldGen       total 54784K, used 950K [0x00000000b1000000, 0x00000000b4580000, 0x00000000e5b00000)
  object space 54784K, 1% used [0x00000000b1000000,0x00000000b10edac8,0x00000000b4580000)
 Metaspace       used 9597K, capacity 9862K, committed 10112K, reserved 1058816K
  class space    used 1023K, capacity 1105K, committed 1152K, reserved 1048576K
Event: 13.661 GC heap after
Heap after GC invocations=3 (full 0):
 PSYoungGen      total 24064K, used 3057K [0x00000000e5b00000, 0x00000000e8a00000, 0x0000000100000000)
  eden space 20992K, 0% used [0x00000000e5b00000,0x00000000e5b00000,0x00000000e6f80000)
  from space 3072K, 99% used [0x00000000e6f80000,0x00000000e727c4c0,0x00000000e7280000)
  to   space 3072K, 0% used [0x00000000e8700000,0x00000000e8700000,0x00000000e8a00000)
 ParOldGen       total 54784K, used 998K [0x00000000b1000000, 0x00000000b4580000, 0x00000000e5b00000)
  object space 54784K, 1% used [0x00000000b1000000,0x00000000b10f9ac8,0x00000000b4580000)
 Metaspace       used 9597K, capacity 9862K, committed 10112K, reserved 1058816K
  class space    used 1023K, capacity 1105K, committed 1152K, reserved 1048576K
}
Event: 16.750 GC heap before
{Heap before GC invocations=4 (full 0):
 PSYoungGen      total 24064K, used 24049K [0x00000000e5b00000, 0x00000000e8a00000, 0x0000000100000000)
  eden space 20992K, 100% used [0x00000000e5b00000,0x00000000e6f80000,0x00000000e6f80000)
  from space 3072K, 99% used [0x00000000e6f80000,0x00000000e727c4c0,0x00000000e7280000)
  to   space 3072K, 0% used [0x00000000e8700000,0x00000000e8700000,0x00000000e8a00000)
 ParOldGen       total 54784K, used 998K [0x00000000b1000000, 0x00000000b4580000, 0x00000000e5b00000)
  object space 54784K, 1% used [0x00000000b1000000,0x00000000b10f9ac8,0x00000000b4580000)
 Metaspace       used 9597K, capacity 9862K, committed 10112K, reserved 1058816K
  class space    used 1023K, capacity 1105K, committed 1152K, reserved 1048576K
Event: 18.082 GC heap after
Heap after GC invocations=4 (full 0):
 PSYoungGen      total 45056K, used 3040K [0x00000000e5b00000, 0x00000000e8a00000, 0x0000000100000000)
  eden space 41984K, 0% used [0x00000000e5b00000,0x00000000e5b00000,0x00000000e8400000)
  from space 3072K, 98% used [0x00000000e8700000,0x00000000e89f8050,0x00000000e8a00000)
  to   space 3072K, 0% used [0x00000000e8400000,0x00000000e8400000,0x00000000e8700000)
 ParOldGen       total 54784K, used 1006K [0x00000000b1000000, 0x00000000b4580000, 0x00000000e5b00000)
  object space 54784K, 1% used [0x00000000b1000000,0x00000000b10fbac8,0x00000000b4580000)
 Metaspace       used 9597K, capacity 9862K, committed 10112K, reserved 1058816K
  class space    used 1023K, capacity 1105K, committed 1152K, reserved 1048576K
}
Event: 57.674 GC heap before
{Heap before GC invocations=5 (full 0):
 PSYoungGen      total 45056K, used 45024K [0x00000000e5b00000, 0x00000000e8a00000, 0x0000000100000000)
  eden space 41984K, 100% used [0x00000000e5b00000,0x00000000e8400000,0x00000000e8400000)
  from space 3072K, 98% used [0x00000000e8700000,0x00000000e89f8050,0x00000000e8a00000)
  to   space 3072K, 0% used [0x00000000e8400000,0x00000000e8400000,0x00000000e8700000)
 ParOldGen       total 54784K, used 1006K [0x00000000b1000000, 0x00000000b4580000, 0x00000000e5b00000)
  object space 54784K, 1% used [0x00000000b1000000,0x00000000b10fbac8,0x00000000b4580000)
 Metaspace       used 9597K, capacity 9862K, committed 10112K, reserved 1058816K
  class space    used 1023K, capacity 1105K, committed 1152K, reserved 1048576K
Event: 62.696 GC heap after
Heap after GC invocations=5 (full 0):
 PSYoungGen      total 45056K, used 3040K [0x00000000e5b00000, 0x00000000eb500000, 0x0000000100000000)
  eden space 41984K, 0% used [0x00000000e5b00000,0x00000000e5b00000,0x00000000e8400000)
  from space 3072K, 98% used [0x00000000e8400000,0x00000000e86f8260,0x00000000e8700000)
  to   space 4096K, 0% used [0x00000000eb100000,0x00000000eb100000,0x00000000eb500000)
 ParOldGen       total 54784K, used 1030K [0x00000000b1000000, 0x00000000b4580000, 0x00000000e5b00000)
  object space 54784K, 1% used [0x00000000b1000000,0x00000000b1101ad8,0x00000000b4580000)
 Metaspace       used 9597K, capacity 9862K, committed 10112K, reserved 1058816K
  class space    used 1023K, capacity 1105K, committed 1152K, reserved 1048576K
}
Event: 182.158 GC heap before
{Heap before GC invocations=6 (full 0):
 PSYoungGen      total 45056K, used 45024K [0x00000000e5b00000, 0x00000000eb500000, 0x0000000100000000)
  eden space 41984K, 100% used [0x00000000e5b00000,0x00000000e8400000,0x00000000e8400000)
  from space 3072K, 98% used [0x00000000e8400000,0x00000000e86f8260,0x00000000e8700000)
  to   space 4096K, 0% used [0x00000000eb100000,0x00000000eb100000,0x00000000eb500000)
 ParOldGen       total 54784K, used 1030K [0x00000000b1000000, 0x00000000b4580000, 0x00000000e5b00000)
  object space 54784K, 1% used [0x00000000b1000000,0x00000000b1101ad8,0x00000000b4580000)
 Metaspace       used 9597K, capacity 9862K, committed 10112K, reserved 1058816K
  class space    used 1023K, capacity 1105K, committed 1152K, reserved 1048576K
Event: 189.538 GC heap after
Heap after GC invocations=6 (full 0):
 PSYoungGen      total 88064K, used 3024K [0x00000000e5b00000, 0x00000000eb500000, 0x0000000100000000)
  eden space 83968K, 0% used [0x00000000e5b00000,0x00000000e5b00000,0x00000000ead00000)
  from space 4096K, 73% used [0x00000000eb100000,0x00000000eb3f4270,0x00000000eb500000)
  to   space 4096K, 0% used [0x00000000ead00000,0x00000000ead00000,0x00000000eb100000)
 ParOldGen       total 54784K, used 1030K [0x00000000b1000000, 0x00000000b4580000, 0x00000000e5b00000)
  object space 54784K, 1% used [0x00000000b1000000,0x00000000b1101ad8,0x00000000b4580000)
 Metaspace       used 9597K, capacity 9862K, committed 10112K, reserved 1058816K
  class space    used 1023K, capacity 1105K, committed 1152K, reserved 1048576K
}
Event: 306.844 GC heap before
{Heap before GC invocations=7 (full 0):
 PSYoungGen      total 88064K, used 86992K [0x00000000e5b00000, 0x00000000eb500000, 0x0000000100000000)
  eden space 83968K, 100% used [0x00000000e5b00000,0x00000000ead00000,0x00000000ead00000)
  from space 4096K, 73% used [0x00000000eb100000,0x00000000eb3f4270,0x00000000eb500000)
  to   space 4096K, 0% used [0x00000000ead00000,0x00000000ead00000,0x00000000eb100000)
 ParOldGen       total 54784K, used 1030K [0x00000000b1000000, 0x00000000b4580000, 0x00000000e5b00000)
  object space 54784K, 1% used [0x00000000b1000000,0x00000000b1101ad8,0x00000000b4580000)
 Metaspace       used 9597K, capacity 9862K, committed 10112K, reserved 1058816K
  class space    used 1023K, capacity 1105K, committed 1152K, reserved 1048576K

